Build started 11/16/2014 6:02:31 PM.
     1>Project "C:\Users\Christian\Documents\GitHub\VoxelEngine\VoxelEngine\VoxelEngine.vcxproj" on node 2 (Build target(s)).
     1>ClCompile:
         C:\Program Files (x86)\Microsoft Visual Studio 12.0\VC\bin\CL.exe /c /ZI /nologo /W3 /WX- /sdl /Od /Oy- /D WIN32 /D _DEBUG /D _WINDOWS /D _UNICODE /D UNICODE /Gm /EHsc /RTC1 /MDd /GS /fp:precise /Zc:wchar_t /Zc:forScope /Fo"Debug\\" /Fd"Debug\vc120.pdb" /Gd /TP /analyze- /errorReport:prompt engine\D3DClass.cpp engine\GraphicsSystem.cpp main.cpp window\Window.cpp
         D3DClass.cpp
         Generating Code...
         Compiling...
         Window.cpp
         main.cpp
         GraphicsSystem.cpp
         Generating Code...
       Link:
         C:\Program Files (x86)\Microsoft Visual Studio 12.0\VC\bin\link.exe /ERRORREPORT:PROMPT /OUT:"C:\Users\Christian\Documents\GitHub\VoxelEngine\Debug\VoxelEngine.exe" /INCREMENTAL /NOLOGO d3d11.lib kernel32.lib user32.lib gdi32.lib winspool.lib comdlg32.lib advapi32.lib shell32.lib ole32.lib oleaut32.lib uuid.lib odbc32.lib odbccp32.lib /MANIFEST /MANIFESTUAC:"level='asInvoker' uiAccess='false'" /manifest:embed /DEBUG /PDB:"C:\Users\Christian\Documents\GitHub\VoxelEngine\Debug\VoxelEngine.pdb" /SUBSYSTEM:WINDOWS /TLBID:1 /DYNAMICBASE /NXCOMPAT /IMPLIB:"C:\Users\Christian\Documents\GitHub\VoxelEngine\Debug\VoxelEngine.lib" /MACHINE:X86 Debug\D3DClass.obj
         Debug\GraphicsSystem.obj
         Debug\InputSystem.obj
         Debug\main.obj
         Debug\Window.obj
         VoxelEngine.vcxproj -> C:\Users\Christian\Documents\GitHub\VoxelEngine\Debug\VoxelEngine.exe
     1>Done Building Project "C:\Users\Christian\Documents\GitHub\VoxelEngine\VoxelEngine\VoxelEngine.vcxproj" (Build target(s)).

Build succeeded.

Time Elapsed 00:00:02.42
